<?xml version="1.0" encoding="UTF-8"?>
<testng-results skipped="0" failed="0" total="1" passed="1">
  <reporter-output>
  </reporter-output>
  <suite name="Default suite" duration-ms="19710" started-at="2016-09-25T15:16:50Z" finished-at="2016-09-25T15:17:09Z">
    <groups>
    </groups>
    <test name="Default test" duration-ms="19710" started-at="2016-09-25T15:16:50Z" finished-at="2016-09-25T15:17:09Z">
      <class name="GoogleTestPage">
        <test-method status="PASS" signature="setUp()[pri:0, instance:GoogleTestPage@1c7cbad]" name="setUp" is-config="true" duration-ms="16786" started-at="2016-09-25T18:16:50Z" finished-at="2016-09-25T18:17:06Z">
          <reporter-output>
          </reporter-output>
        </test-method> <!-- setUp -->
        <test-method status="PASS" signature="testSearch()[pri:0, instance:GoogleTestPage@1c7cbad]" name="testSearch" duration-ms="2868" started-at="2016-09-25T18:17:06Z" finished-at="2016-09-25T18:17:09Z">
          <reporter-output>
          </reporter-output>
        </test-method> <!-- testSearch -->
        <test-method status="PASS" signature="tearDown()[pri:0, instance:GoogleTestPage@1c7cbad]" name="tearDown" is-config="true" duration-ms="25" started-at="2016-09-25T18:17:09Z" finished-at="2016-09-25T18:17:09Z">
          <reporter-output>
          </reporter-output>
        </test-method> <!-- tearDown -->
      </class> <!-- GoogleTestPage -->
    </test> <!-- Default test -->
  </suite> <!-- Default suite -->
</testng-results>
